Build started 5/19/2015 12:44:06 PM.
     1>Project "c:\Users\student-hslh133\documents\visual studio 2012\Projects\Ponek236_Project2\Ponek236_Project2\Ponek236_Project2.vcxproj" on node 2 (Build target(s)).
     1>ClCompile:
         C:\Program Files (x86)\Microsoft Visual Studio 11.0\VC\bin\CL.exe /c /ZI /nologo /W3 /WX- /sdl /Od /Oy- /D _MBCS /Gm /EHsc /RTC1 /MDd /GS /fp:precise /Zc:wchar_t /Zc:forScope /Fo"Debug\\" /Fd"Debug\vc110.pdb" /Gd /TP /analyze- /errorReport:prompt E:\Project2\Project2\Account.cpp E:\Project2\Project2\Checking.cpp E:\Project2\Project2\CreditCard.cpp E:\Project2\Project2\main.cpp E:\Project2\Project2\Savings.cpp
         Savings.cpp
         main.cpp
         CreditCard.cpp
         Checking.cpp
         Account.cpp
         Generating Code...
       Link:
         C:\Program Files (x86)\Microsoft Visual Studio 11.0\VC\bin\link.exe /ERRORREPORT:PROMPT /OUT:"c:\users\student-hslh133\documents\visual studio 2012\Projects\Ponek236_Project2\Debug\Ponek236_Project2.exe" /INCREMENTAL /NOLOGO kernel32.lib user32.lib gdi32.lib winspool.lib comdlg32.lib advapi32.lib shell32.lib ole32.lib oleaut32.lib uuid.lib odbc32.lib odbccp32.lib /MANIFEST /MANIFESTUAC:"level='asInvoker' uiAccess='false'" /manifest:embed /DEBUG /PDB:"c:\users\student-hslh133\documents\visual studio 2012\Projects\Ponek236_Project2\Debug\Ponek236_Project2.pdb" /TLBID:1 /DYNAMICBASE /NXCOMPAT /IMPLIB:"c:\users\student-hslh133\documents\visual studio 2012\Projects\Ponek236_Project2\Debug\Ponek236_Project2.lib" /MACHINE:X86 Debug\Account.obj
         Debug\Checking.obj
         Debug\CreditCard.obj
         Debug\main.obj
         Debug\Savings.obj
         Ponek236_Project2.vcxproj -> c:\users\student-hslh133\documents\visual studio 2012\Projects\Ponek236_Project2\Debug\Ponek236_Project2.exe
     1>Done Building Project "c:\Users\student-hslh133\documents\visual studio 2012\Projects\Ponek236_Project2\Ponek236_Project2\Ponek236_Project2.vcxproj" (Build target(s)).

Build succeeded.

Time Elapsed 00:00:04.04
